生成启动时间为 2018/12/24 18:56:23。
     1>项目“E:\hxp\books\游戏人工智能编程修订版\Buckland_PGAIBE_Source_VC6-VS2010\VS2010\Buckland_Chapter3-Steering Behaviors\Steering.vcxproj”在节点 2 上(Build 个目标)。
     1>ClCompile:
         C:\Program Files (x86)\Microsoft Visual Studio 12.0\VC\bin\CL.exe /c /I"E:\hxp\books\游戏人工智能编程修订版\Buckland_PGAIBE_Source_VC6-VS2010\VS2010\Buckland_Chapter3-Steering Behaviors\..\Common\\" /Zi /nologo /W3 /WX- /O2 /Ob1 /Oy- /D WIN32 /D NDEBUG /D _WINDOWS /D _VC80_UPGRADE=0x0600 /D _MBCS /GF /Gm- /EHsc /MT /GS /Gy /fp:precise /Zc:wchar_t /Zc:forScope /GR /Fo".\Release/" /Fd".\Release/vc120.pdb" /FR".\Release\\" /Gd /TP /analyze- /errorReport:prompt GameWorld.cpp main.cpp SteeringBehaviors.cpp Vehicle.cpp ..\Common\misc\Cgdi.cpp ..\Common\misc\iniFileLoaderBase.cpp Obstacle.cpp ParamLoader.cpp Path.cpp ..\Common\Time\PrecisionTimer.cpp ..\Common\2D\Vector2d.cpp ..\Common\misc\WindowUtils.cpp
         GameWorld.cpp
         main.cpp
         SteeringBehaviors.cpp
         Vehicle.cpp
         Cgdi.cpp
         iniFileLoaderBase.cpp
     1>..\Common\misc\iniFileLoaderBase.cpp(9): warning C4305: “参数”: 从“int”到“char”截断
     1>..\Common\misc\iniFileLoaderBase.cpp(9): warning C4309: “参数”: 截断常量值
     1>..\Common\misc\iniFileLoaderBase.cpp(57): warning C4129: “;”: 不可识别的字符转义序列
     1>..\Common\misc\iniFileLoaderBase.cpp(109): warning C4129: “;”: 不可识别的字符转义序列
         Obstacle.cpp
         ParamLoader.cpp
         Path.cpp
         PrecisionTimer.cpp
         Vector2d.cpp
         WindowUtils.cpp
         正在生成代码...
       ResourceCompile:
         C:\Program Files (x86)\Windows Kits\8.1\bin\x86\rc.exe /D NDEBUG /D _VC80_UPGRADE=0x0600 /l"0x0809" /nologo /fo".\Release\Script1.res" Script1.rc 
       Link:
         C:\Program Files (x86)\Microsoft Visual Studio 12.0\VC\bin\link.exe /ERRORREPORT:PROMPT /OUT:".\Release/Steering.exe" /INCREMENTAL:NO /NOLOGO kernel32.lib user32.lib gdi32.lib winspool.lib comdlg32.lib advapi32.lib shell32.lib ole32.lib oleaut32.lib uuid.lib odbc32.lib odbccp32.lib /MANIFEST /MANIFESTUAC:"level='asInvoker' uiAccess='false'" /manifest:embed /PDB:".\Release/Steering.pdb" /SUBSYSTEM:WINDOWS /TLBID:1 /DYNAMICBASE:NO /IMPLIB:".\Release\Steering.lib" /MACHINE:X86 /SAFESEH .\Release\Script1.res
         .\Release/GameWorld.obj
         .\Release/main.obj
         .\Release/SteeringBehaviors.obj
         .\Release/Vehicle.obj
         .\Release/Cgdi.obj
         .\Release/iniFileLoaderBase.obj
         .\Release/Obstacle.obj
         .\Release/ParamLoader.obj
         .\Release/Path.obj
         .\Release/PrecisionTimer.obj
         .\Release/Vector2d.obj
         .\Release/WindowUtils.obj
         Steering.vcxproj -> E:\hxp\books\游戏人工智能编程修订版\Buckland_PGAIBE_Source_VC6-VS2010\VS2010\Buckland_Chapter3-Steering Behaviors\.\Release\Steering.exe
       BscMake:
         C:\Program Files (x86)\Microsoft Visual Studio 12.0\VC\bin\bscmake.exe /nologo /o".\Release/Steering.bsc" .\Release\GameWorld.sbr .\Release\main.sbr .\Release\SteeringBehaviors.sbr .\Release\Vehicle.sbr .\Release\Cgdi.sbr .\Release\iniFileLoaderBase.sbr .\Release\Obstacle.sbr .\Release\ParamLoader.sbr .\Release\Path.sbr .\Release\PrecisionTimer.sbr .\Release\Vector2d.sbr .\Release\WindowUtils.sbr
     1>已完成生成项目“E:\hxp\books\游戏人工智能编程修订版\Buckland_PGAIBE_Source_VC6-VS2010\VS2010\Buckland_Chapter3-Steering Behaviors\Steering.vcxproj”(Build 个目标)的操作。

生成成功。

已用时间 00:00:11.12
