生成启动时间为 2019/1/14 11:17:02。
     1>项目“E:\hxp\books\游戏人工智能编程修订版\Buckland_PGAIBE_Source_VC6-VS2010\VS2010\Buckland_Chapter5-Pathfinder\Pathfinder.vcxproj”在节点 2 上(Build 个目标)。
     1>ClCompile:
         C:\Program Files (x86)\Microsoft Visual Studio 12.0\VC\bin\CL.exe /c /I"E:\hxp\books\游戏人工智能编程修订版\Buckland_PGAIBE_Source_VC6-VS2010\VS2010\Buckland_Chapter5-Pathfinder\\..\Common\\" /ZI /nologo /W3 /WX- /Od /Oy- /D WIN32 /D _DEBUG /D _WINDOWS /D _VC80_UPGRADE=0x0600 /D _MBCS /Gm /EHsc /RTC1 /MTd /GS /fp:precise /Zc:wchar_t /Zc:forScope /Fo".\Debug/" /Fd".\Debug/vc120.pdb" /FR".\Debug\\" /Gd /TP /analyze- /errorReport:prompt main.cpp Pathfinder.cpp ..\Common\misc\Cgdi.cpp ..\Common\Time\PrecisionTimer.cpp ..\Common\misc\WindowUtils.cpp
         WindowUtils.cpp
         PrecisionTimer.cpp
         Cgdi.cpp
         Pathfinder.cpp
         main.cpp
         正在生成代码...
       ResourceCompile:
         C:\Program Files (x86)\Windows Kits\8.1\bin\x86\rc.exe /D _DEBUG /D _VC80_UPGRADE=0x0600 /l"0x0809" /nologo /fo".\Debug\toolbar.res" toolbar.rc 
       Link:
         C:\Program Files (x86)\Microsoft Visual Studio 12.0\VC\bin\link.exe /ERRORREPORT:PROMPT /OUT:".\Debug/Pathfinder.exe" /INCREMENTAL /NOLOGO comctl32.lib odbc32.lib odbccp32.lib kernel32.lib user32.lib gdi32.lib winspool.lib comdlg32.lib advapi32.lib shell32.lib ole32.lib oleaut32.lib uuid.lib odbc32.lib odbccp32.lib /MANIFEST /MANIFESTUAC:"level='asInvoker' uiAccess='false'" /manifest:embed /DEBUG /PDB:".\Debug/Pathfinder.pdb" /SUBSYSTEM:WINDOWS /TLBID:1 /DYNAMICBASE:NO /IMPLIB:".\Debug\Pathfinder.lib" /MACHINE:X86 /SAFESEH .\Debug\toolbar.res
         .\Debug/main.obj
         .\Debug/Pathfinder.obj
         .\Debug/Cgdi.obj
         .\Debug/PrecisionTimer.obj
         .\Debug/WindowUtils.obj
     1>main.obj : warning LNK4075: 忽略“/EDITANDCONTINUE”(由于“/SAFESEH”规范)
         Pathfinder.vcxproj -> E:\hxp\books\游戏人工智能编程修订版\Buckland_PGAIBE_Source_VC6-VS2010\VS2010\Buckland_Chapter5-Pathfinder\.\Debug\Pathfinder.exe
       BscMake:
         C:\Program Files (x86)\Microsoft Visual Studio 12.0\VC\bin\bscmake.exe /nologo /o".\Debug/Pathfinder.bsc" .\Debug\main.sbr .\Debug\Pathfinder.sbr .\Debug\Cgdi.sbr .\Debug\PrecisionTimer.sbr .\Debug\WindowUtils.sbr
     1>已完成生成项目“E:\hxp\books\游戏人工智能编程修订版\Buckland_PGAIBE_Source_VC6-VS2010\VS2010\Buckland_Chapter5-Pathfinder\Pathfinder.vcxproj”(Build 个目标)的操作。

生成成功。

已用时间 00:00:10.66
